{
  "stats": {
    "suites": 1,
    "tests": 13,
    "passes": 13,
    "pending": 0,
    "failures": 0,
    "start": "2024-07-10T12:51:59.431Z",
    "end": "2024-07-10T12:52:01.756Z",
    "duration": 2325,
    "testsRegistered": 13,
    "passPercent": 100,
    "pendingPercent": 0,
    "other": 0,
    "hasOther": false,
    "skipped": 0,
    "hasSkipped": false
  },
  "results": [
    {
      "uuid": "f91ac817-58b1-4149-9278-d2e9022a12cb",
      "title": "",
      "fullFile": "/Users/rahul.tembhurne/Documents/Vs Code/Selinium/First_scrpit.js",
      "file": "/First_scrpit.js",
      "beforeHooks": [],
      "afterHooks": [],
      "tests": [],
      "suites": [
        {
          "uuid": "1d253c78-c975-4180-8702-55864411ffee",
          "title": "My first  Script",
          "fullFile": "/Users/rahul.tembhurne/Documents/Vs Code/Selinium/First_scrpit.js",
          "file": "/First_scrpit.js",
          "beforeHooks": [
            {
              "title": "\"before all\" hook in \"My first  Script\"",
              "fullTitle": "My first  Script \"before all\" hook in \"My first  Script\"",
              "timedOut": false,
              "duration": 742,
              "state": null,
              "speed": null,
              "pass": false,
              "fail": false,
              "pending": false,
              "context": null,
              "code": "driver =  await new Builder().forBrowser('chrome').build();",
              "err": {},
              "uuid": "716d98cd-e508-4a51-be4d-26bb61bd5411",
              "parentUUID": "1d253c78-c975-4180-8702-55864411ffee",
              "isHook": true,
              "skipped": false
            }
          ],
          "afterHooks": [],
          "tests": [
            {
              "title": "Testing the Title",
              "fullTitle": "My first  Script Testing the Title",
              "timedOut": false,
              "duration": 567,
              "state": "passed",
              "speed": "slow",
              "pass": true,
              "fail": false,
              "pending": false,
              "context": null,
              "code": "await driver.get('https://www.selenium.dev/selenium/web/web-form.html');\nlet title = await driver.getTitle();\nexpect(title).to.be.equal(\"Web form\")",
              "err": {},
              "uuid": "a07ca208-3a61-4dc8-be23-60eb461040c4",
              "parentUUID": "1d253c78-c975-4180-8702-55864411ffee",
              "isHook": false,
              "skipped": false
            },
            {
              "title": "Testing the TextBox",
              "fullTitle": "My first  Script Testing the TextBox",
              "timedOut": false,
              "duration": 166,
              "state": "passed",
              "speed": "slow",
              "pass": true,
              "fail": false,
              "pending": false,
              "context": null,
              "code": "let Text = await driver.findElement(By.id(\"my-text-id\"));\nawait Text.sendKeys('selinium')\nlet Pass = await driver.findElement(By.name(\"my-password\"));\nawait Pass.sendKeys(\"PassWord\")\nlet TextBox = await driver.findElement(By.name(\"my-textarea\"));\nawait TextBox.sendKeys(\"Hi there this is Rahul and having a testing with selinium\")",
              "err": {},
              "uuid": "8ca09d49-582e-44ae-a8e3-dd8eb2f65471",
              "parentUUID": "1d253c78-c975-4180-8702-55864411ffee",
              "isHook": false,
              "skipped": false
            },
            {
              "title": "ReadOnly one Testing",
              "fullTitle": "My first  Script ReadOnly one Testing",
              "timedOut": false,
              "duration": 39,
              "state": "passed",
              "speed": "medium",
              "pass": true,
              "fail": false,
              "pending": false,
              "context": null,
              "code": "// Expecting readonly here\nlet readonly = await driver.findElement(By.name(\"my-readonly\"));\nlet readdata = await readonly.getAttribute(\"value\");\nexpect(readdata).to.be.equal(\"Readonly input\");\nawait readonly.sendKeys(\"dsfsff\");\nreaddata = await readonly.getAttribute(\"value\");\nexpect(readdata).to.be.equal(\"Readonly input\");",
              "err": {},
              "uuid": "5e961f24-77ae-4af4-a69b-47c8ce8c2d24",
              "parentUUID": "1d253c78-c975-4180-8702-55864411ffee",
              "isHook": false,
              "skipped": false
            },
            {
              "title": "Testing the Dropdown select",
              "fullTitle": "My first  Script Testing the Dropdown select",
              "timedOut": false,
              "duration": 145,
              "state": "passed",
              "speed": "slow",
              "pass": true,
              "fail": false,
              "pending": false,
              "context": null,
              "code": "// Selecting dropdown\n        let objselect = await new Select(driver.findElement(By.name(\"my-select\")));\n        // selecting One based on text visible\n        await objselect.selectByVisibleText(\"One\")\n        let selectedone = await objselect.getFirstSelectedOption();\n        expect(await selectedone.getText()).to.be.equal(\"One\");\n        // changing the option based on index\n        await objselect.selectByIndex(2)\n         selectedone = await objselect.getFirstSelectedOption();\n        expect(await selectedone.getText()).to.be.equal(\"Two\");\n        // changing the option again by value\n        await objselect.selectByValue(\"3\")\n        selectedone = await objselect.getFirstSelectedOption();\n       expect(await selectedone.getText()).to.be.equal(\"Three\");",
              "err": {},
              "uuid": "71b92d1b-e247-4887-8141-dc3957968b6a",
              "parentUUID": "1d253c78-c975-4180-8702-55864411ffee",
              "isHook": false,
              "skipped": false
            },
            {
              "title": "Testing the Disabled part",
              "fullTitle": "My first  Script Testing the Disabled part",
              "timedOut": false,
              "duration": 8,
              "state": "passed",
              "speed": "fast",
              "pass": true,
              "fail": false,
              "pending": false,
              "context": null,
              "code": "let Text = await driver.findElement(By.name(\"my-disabled\"));\nexpect(await Text.isEnabled()).to.be.false;",
              "err": {},
              "uuid": "607f4e87-413d-46e5-99e2-e3a6888bb741",
              "parentUUID": "1d253c78-c975-4180-8702-55864411ffee",
              "isHook": false,
              "skipped": false
            },
            {
              "title": "Testing the Dropdown list",
              "fullTitle": "My first  Script Testing the Dropdown list",
              "timedOut": false,
              "duration": 64,
              "state": "passed",
              "speed": "medium",
              "pass": true,
              "fail": false,
              "pending": false,
              "context": null,
              "code": "let objdrop = await new Select(driver.findElement(By.name(\"my-datalist\")));\n// await objdrop.sendKeys(\"San\");\nawait objdrop.element.sendKeys(\"San Francisco\");\n// const lists = await objdrop.getOptions();\n// console.log(lists);\nlet datalist =  await driver.findElement(By.id(\"my-options\"));\nlet newdatalist = await datalist.findElements(By.tagName(\"option\"));\nexpect(newdatalist.length).to.be.equal(5)",
              "err": {},
              "uuid": "edac5d5b-417a-424c-b657-0091760f1af6",
              "parentUUID": "1d253c78-c975-4180-8702-55864411ffee",
              "isHook": false,
              "skipped": false
            },
            {
              "title": "Testing the Fileinput",
              "fullTitle": "My first  Script Testing the Fileinput",
              "timedOut": false,
              "duration": 27,
              "state": "passed",
              "speed": "fast",
              "pass": true,
              "fail": false,
              "pending": false,
              "context": null,
              "code": "let fileinput = await driver.findElement(By.name(\"my-file\"));\nawait fileinput.sendKeys(\"/Users/rahul.tembhurne/Documents/Vs Code/PXY.pdf\")\nexpect(await fileinput.getAttribute(\"value\")).contain(\"PXY.pdf\")",
              "err": {},
              "uuid": "e03cb0b1-bf8d-4a06-a40a-2e38cdc8d48b",
              "parentUUID": "1d253c78-c975-4180-8702-55864411ffee",
              "isHook": false,
              "skipped": false
            },
            {
              "title": "Testing the CheckBox",
              "fullTitle": "My first  Script Testing the CheckBox",
              "timedOut": false,
              "duration": 64,
              "state": "passed",
              "speed": "medium",
              "pass": true,
              "fail": false,
              "pending": false,
              "context": null,
              "code": "let checkbox = await driver.findElement(By.id(\"my-check-1\"));\nlet defaultbox = await driver.findElement(By.id(\"my-check-2\"));\n// console.log(await checkbox.isEnabled());\nexpect(await checkbox.isSelected()).to.be.true;\nawait checkbox.click();\nexpect(await checkbox.isSelected()).to.be.false;\nawait defaultbox.click();\nexpect(await defaultbox.isSelected()).to.be.true;",
              "err": {},
              "uuid": "de69be16-66ab-4534-a4db-d2a8525d0954",
              "parentUUID": "1d253c78-c975-4180-8702-55864411ffee",
              "isHook": false,
              "skipped": false
            },
            {
              "title": "Testing the radio",
              "fullTitle": "My first  Script Testing the radio",
              "timedOut": false,
              "duration": 42,
              "state": "passed",
              "speed": "medium",
              "pass": true,
              "fail": false,
              "pending": false,
              "context": null,
              "code": "let checkedradio = await driver.findElement(By.id(\"my-radio-1\"));\nexpect(await checkedradio.isSelected()).to.be.true;\nlet deafultradio = await driver.findElement(By.id(\"my-radio-2\"));\nexpect(await deafultradio.isSelected()).to.be.false;\ndeafultradio.click();\nexpect(await checkedradio.isSelected()).to.be.false;\nexpect(await deafultradio.isSelected()).to.be.true;",
              "err": {},
              "uuid": "96753b18-791c-46dc-8f58-e7204440bab8",
              "parentUUID": "1d253c78-c975-4180-8702-55864411ffee",
              "isHook": false,
              "skipped": false
            },
            {
              "title": "Testing the Color Picker",
              "fullTitle": "My first  Script Testing the Color Picker",
              "timedOut": false,
              "duration": 17,
              "state": "passed",
              "speed": "fast",
              "pass": true,
              "fail": false,
              "pending": false,
              "context": null,
              "code": "let colorpicker = await driver.findElement(By.name(\"my-colors\"));\nexpect(await colorpicker.getAttribute(\"value\")).to.be.equal(\"#563d7c\");\nawait colorpicker.sendKeys(\"#41B4A7\")\nexpect(await colorpicker.getAttribute(\"value\")).to.be.equal('#41b4a7');",
              "err": {},
              "uuid": "42b13e56-960c-4d9b-b6ef-773c3f5b8bf3",
              "parentUUID": "1d253c78-c975-4180-8702-55864411ffee",
              "isHook": false,
              "skipped": false
            },
            {
              "title": "Testing the Date Picker",
              "fullTitle": "My first  Script Testing the Date Picker",
              "timedOut": false,
              "duration": 65,
              "state": "passed",
              "speed": "medium",
              "pass": true,
              "fail": false,
              "pending": false,
              "context": null,
              "code": "let datepicker = await driver.findElement(By.name(\"my-date\"));\nexpect(await datepicker.getAttribute(\"value\")).to.be.empty;\nawait datepicker.sendKeys(\"07/07/2023\")\nexpect(await datepicker.getAttribute(\"value\")).to.be.equal(\"07/07/2023\");",
              "err": {},
              "uuid": "2db570ae-3d03-4626-9025-122c39055466",
              "parentUUID": "1d253c78-c975-4180-8702-55864411ffee",
              "isHook": false,
              "skipped": false
            },
            {
              "title": "Testing the Example Range",
              "fullTitle": "My first  Script Testing the Example Range",
              "timedOut": false,
              "duration": 55,
              "state": "passed",
              "speed": "medium",
              "pass": true,
              "fail": false,
              "pending": false,
              "context": null,
              "code": "let rangepicker = await driver.findElement(By.name(\"my-range\"));\nexpect(Number(await rangepicker.getAttribute(\"min\"))).to.be.equal(0)\nexpect(Number(await rangepicker.getAttribute('max'))).to.be.equal(10);\nexpect(Number(await rangepicker.getAttribute('value'))).to.be.equal(5);\nawait rangepicker.sendKeys(Key.RIGHT);\nawait rangepicker.sendKeys(Key.RIGHT);\nexpect(Number(await rangepicker.getAttribute('value'))).to.be.equals(7);\n// rangepicker.actions().move({x:-5}).perform()",
              "err": {},
              "uuid": "5e61719d-e477-4264-839a-a5316f07affc",
              "parentUUID": "1d253c78-c975-4180-8702-55864411ffee",
              "isHook": false,
              "skipped": false
            },
            {
              "title": "Submit Button",
              "fullTitle": "My first  Script Submit Button",
              "timedOut": false,
              "duration": 317,
              "state": "passed",
              "speed": "slow",
              "pass": true,
              "fail": false,
              "pending": false,
              "context": null,
              "code": "let submitButton = await driver.findElement(By.xpath(\"//button\"));\nawait submitButton.click();\nlet res = await driver.findElement(By.xpath(\"//h1\"));\nexpect(await res.getText()).to.be.equal(\"Form submitted\")",
              "err": {},
              "uuid": "9d36ab60-0e0d-4035-b85a-c507fe51ba3a",
              "parentUUID": "1d253c78-c975-4180-8702-55864411ffee",
              "isHook": false,
              "skipped": false
            }
          ],
          "suites": [],
          "passes": [
            "a07ca208-3a61-4dc8-be23-60eb461040c4",
            "8ca09d49-582e-44ae-a8e3-dd8eb2f65471",
            "5e961f24-77ae-4af4-a69b-47c8ce8c2d24",
            "71b92d1b-e247-4887-8141-dc3957968b6a",
            "607f4e87-413d-46e5-99e2-e3a6888bb741",
            "edac5d5b-417a-424c-b657-0091760f1af6",
            "e03cb0b1-bf8d-4a06-a40a-2e38cdc8d48b",
            "de69be16-66ab-4534-a4db-d2a8525d0954",
            "96753b18-791c-46dc-8f58-e7204440bab8",
            "42b13e56-960c-4d9b-b6ef-773c3f5b8bf3",
            "2db570ae-3d03-4626-9025-122c39055466",
            "5e61719d-e477-4264-839a-a5316f07affc",
            "9d36ab60-0e0d-4035-b85a-c507fe51ba3a"
          ],
          "failures": [],
          "pending": [],
          "skipped": [],
          "duration": 1576,
          "root": false,
          "rootEmpty": false,
          "_timeout": 2000
        }
      ],
      "passes": [],
      "failures": [],
      "pending": [],
      "skipped": [],
      "duration": 0,
      "root": true,
      "rootEmpty": true,
      "_timeout": 2000
    }
  ],
  "meta": {
    "mocha": {
      "version": "10.6.0"
    },
    "mochawesome": {
      "options": {
        "quiet": false,
        "reportFilename": "mochawesome",
        "saveHtml": true,
        "saveJson": true,
        "consoleReporter": "spec",
        "useInlineDiffs": false,
        "code": true
      },
      "version": "7.1.3"
    },
    "marge": {
      "options": null,
      "version": "6.2.0"
    }
  }
}